[0m00:14:01  Running with dbt=1.9.2
[0m00:14:03  Registered adapter: bigquery=1.9.1
[0m00:14:03  Found 6 models, 1 snapshot, 9 sources, 491 macros
[0m00:14:03  
[0m00:14:03  Concurrency: 1 threads (target='dev')
[0m00:14:03  
WARNING:google.auth._default:No project ID could be determined. Consider running `gcloud config set project` or setting the GOOGLE_CLOUD_PROJECT environment variable
[0m00:14:05  1 of 1 START snapshot olist_data_snapshots.customer_snapshot ................... [RUN]
[0m00:14:15  1 of 1 OK snapshotted olist_data_snapshots.customer_snapshot ................... [[32mMERGE (0.0 rows, 14.3 MiB processed)[0m in 10.13s]
[0m00:14:15  
[0m00:14:15  Finished running 1 snapshot in 0 hours 0 minutes and 11.85 seconds (11.85s).
[0m00:14:15  
[0m00:14:15  [32mCompleted successfully[0m
[0m00:14:15  
[0m00:14:15  Done. PASS=1 WARN=0 ERROR=0 SKIP=0 TOTAL=1
[0m00:14:18  Running with dbt=1.9.2
[0m00:14:19  Registered adapter: bigquery=1.9.1
[0m00:14:19  Found 6 models, 1 snapshot, 9 sources, 491 macros
[0m00:14:19  
[0m00:14:19  Concurrency: 1 threads (target='dev')
[0m00:14:19  
WARNING:google.auth._default:No project ID could be determined. Consider running `gcloud config set project` or setting the GOOGLE_CLOUD_PROJECT environment variable
[0m00:14:21  1 of 6 START sql table model olist_data_ingestion_dim_tables.dim_customer ...... [RUN]
[0m00:14:25  1 of 6 OK created sql table model olist_data_ingestion_dim_tables.dim_customer . [[32mCREATE TABLE (99.4k rows, 9.5 MiB processed)[0m in 3.90s]
[0m00:14:25  2 of 6 START sql incremental model olist_data_ingestion_dim_tables.dim_geolocation  [RUN]
[0m00:14:52  2 of 6 OK created sql incremental model olist_data_ingestion_dim_tables.dim_geolocation  [[32mMERGE (0.0 rows, 62.1 MiB processed)[0m in 26.27s]
[0m00:14:52  3 of 6 START sql incremental model olist_data_ingestion_dim_tables.dim_product . [RUN]
[0m00:14:56  3 of 6 OK created sql incremental model olist_data_ingestion_dim_tables.dim_product  [[32mMERGE (0.0 rows, 7.2 MiB processed)[0m in 4.13s]
[0m00:14:56  4 of 6 START sql incremental model olist_data_ingestion_dim_tables.dim_seller .. [RUN]
[0m00:15:00  4 of 6 OK created sql incremental model olist_data_ingestion_dim_tables.dim_seller  [[32mMERGE (0.0 rows, 400.0 KiB processed)[0m in 3.86s]
[0m00:15:00  5 of 6 START sql incremental model olist_data_ingestion_fact_tables.fact_order_items  [RUN]
[0m00:15:05  5 of 6 OK created sql incremental model olist_data_ingestion_fact_tables.fact_order_items  [[32mMERGE (0.0 rows, 57.9 MiB processed)[0m in 5.13s]
[0m00:15:05  6 of 6 START sql incremental model olist_data_ingestion_fact_tables.fact_orders  [RUN]
[0m00:15:10  6 of 6 OK created sql incremental model olist_data_ingestion_fact_tables.fact_orders  [[32mMERGE (0.0 rows, 39.6 MiB processed)[0m in 5.41s]
[0m00:15:10  
[0m00:15:10  Finished running 5 incremental models, 1 table model in 0 hours 0 minutes and 50.64 seconds (50.64s).
[0m00:15:10  
[0m00:15:10  [32mCompleted successfully[0m
[0m00:15:10  
[0m00:15:10  Done. PASS=6 WARN=0 ERROR=0 SKIP=0 TOTAL=6
